<?xml version="1.0" encoding="UTF-8"?>
<!-- Generated by org.testng.reporters.JUnitReportReporter -->
<testsuite hostname="DESKTOP-KP0OG9U" failures="0" tests="3" name="com.TYSS.Practice.Practice_1Test" time="0.047" errors="0" timestamp="19 Jul 2022 04:54:38 GMT">
  <testcase classname="com.TYSS.Practice.Practice_1Test" name="test" time="0.025"/>
  <testcase classname="com.TYSS.Practice.Practice_1Test" name="test1" time="0.016"/>
  <testcase classname="com.TYSS.Practice.Practice_1Test" name="test1" time="0.006"/>
</testsuite> <!-- com.TYSS.Practice.Practice_1Test -->
